<?xml version='1.0' encoding='UTF-8'?>
<testsuite hostname="Owains-iMac.local" name="io.forward.kafka.KafkaConsumerSpec" tests="1" errors="0" failures="1" time="7.178">
                <properties> <property name="jline.esc.timeout" value="0"/><property name="java.runtime.name" value="Java(TM) SE Runtime Environment"/><property name="sun.boot.library.path" value="/Library/Java/JavaVirtualMachines/jdk1.8.0_40.jdk/Contents/Home/jre/lib"/><property name="java.vm.version" value="25.40-b25"/><property name="user.country.format" value="GB"/><property name="gopherProxySet" value="false"/><property name="java.vm.vendor" value="Oracle Corporation"/><property name="java.vendor.url" value="http://java.oracle.com/"/><property name="path.separator" value=":"/><property name="java.vm.name" value="Java HotSpot(TM) 64-Bit Server VM"/><property name="file.encoding.pkg" value="sun.io"/><property name="user.country" value="US"/><property name="sun.java.launcher" value="SUN_STANDARD"/><property name="sun.os.patch.level" value="unknown"/><property name="java.vm.specification.name" value="Java Virtual Machine Specification"/><property name="user.dir" value="/Users/owainlewis/Code/personal/kafka-scala"/><property name="java.runtime.version" value="1.8.0_40-b25"/><property name="java.awt.graphicsenv" value="sun.awt.CGraphicsEnvironment"/><property name="java.endorsed.dirs" value="/Library/Java/JavaVirtualMachines/jdk1.8.0_40.jdk/Contents/Home/jre/lib/endorsed"/><property name="os.arch" value="x86_64"/><property name="java.io.tmpdir" value="/var/folders/k1/26dmc9jx0td313qllgf00m180000gn/T/"/><property name="line.separator" value="
"/><property name="java.vm.specification.vendor" value="Oracle Corporation"/><property name="javax.net.ssl.keyStore" value="/Users/owainlewis/.certs/cert.p12"/><property name="os.name" value="Mac OS X"/><property name="javax.net.ssl.keyStorePassword" value="viper82"/><property name="sun.jnu.encoding" value="UTF-8"/><property name="java.library.path" value="/Users/owainlewis/Library/Java/Extensions:/Library/Java/Extensions:/Network/Library/Java/Extensions:/System/Library/Java/Extensions:/usr/lib/java:."/><property name="javax.net.ssl.trustStore" value="/Users/owainlewis/.certs/jssecacerts"/><property name="java.specification.name" value="Java Platform API Specification"/><property name="java.class.version" value="52.0"/><property name="sun.management.compiler" value="HotSpot 64-Bit Tiered Compilers"/><property name="os.version" value="10.10.2"/><property name="http.nonProxyHosts" value="local|*.local|169.254/16|*.169.254/16"/><property name="user.home" value="/Users/owainlewis"/><property name="user.timezone" value="Europe/London"/><property name="java.awt.printerjob" value="sun.lwawt.macosx.CPrinterJob"/><property name="file.encoding" value="UTF-8"/><property name="java.specification.version" value="1.8"/><property name="java.class.path" value="/usr/local/Cellar/sbt/0.13.8/libexec/sbt-launch.jar"/><property name="user.name" value="owainlewis"/><property name="jline.shutdownhook" value="false"/><property name="java.vm.specification.version" value="1.8"/><property name="sun.java.command" value="/usr/local/Cellar/sbt/0.13.8/libexec/sbt-launch.jar test"/><property name="java.home" value="/Library/Java/JavaVirtualMachines/jdk1.8.0_40.jdk/Contents/Home/jre"/><property name="sun.arch.data.model" value="64"/><property name="user.language" value="en"/><property name="java.specification.vendor" value="Oracle Corporation"/><property name="awt.toolkit" value="sun.lwawt.macosx.LWCToolkit"/><property name="java.vm.info" value="mixed mode"/><property name="java.version" value="1.8.0_40"/><property name="java.ext.dirs" value="/Users/owainlewis/Library/Java/Extensions:/Library/Java/JavaVirtualMachines/jdk1.8.0_40.jdk/Contents/Home/jre/lib/ext:/Library/Java/Extensions:/Network/Library/Java/Extensions:/System/Library/Java/Extensions:/usr/lib/java"/><property name="sun.boot.class.path" value="/Library/Java/JavaVirtualMachines/jdk1.8.0_40.jdk/Contents/Home/jre/lib/resources.jar:/Library/Java/JavaVirtualMachines/jdk1.8.0_40.jdk/Contents/Home/jre/lib/rt.jar:/Library/Java/JavaVirtualMachines/jdk1.8.0_40.jdk/Contents/Home/jre/lib/sunrsasign.jar:/Library/Java/JavaVirtualMachines/jdk1.8.0_40.jdk/Contents/Home/jre/lib/jsse.jar:/Library/Java/JavaVirtualMachines/jdk1.8.0_40.jdk/Contents/Home/jre/lib/jce.jar:/Library/Java/JavaVirtualMachines/jdk1.8.0_40.jdk/Contents/Home/jre/lib/charsets.jar:/Library/Java/JavaVirtualMachines/jdk1.8.0_40.jdk/Contents/Home/jre/lib/jfr.jar:/Library/Java/JavaVirtualMachines/jdk1.8.0_40.jdk/Contents/Home/jre/classes"/><property name="java.vendor" value="Oracle Corporation"/><property name="file.separator" value="/"/><property name="java.vendor.url.bug" value="http://bugreport.sun.com/bugreport/"/><property name="javax.net.ssl.keyStoreType" value="pkcs12"/><property name="sun.io.unicode.encoding" value="UnicodeBig"/><property name="sun.cpu.endian" value="little"/><property name="javax.net.ssl.trustStorePassword" value="changeit"/><property name="socksNonProxyHosts" value="local|*.local|169.254/16|*.169.254/16"/><property name="ftp.nonProxyHosts" value="local|*.local|169.254/16|*.169.254/16"/><property name="sun.cpu.isalist" value=""/>
        </properties>
                <testcase classname="io.forward.kafka.KafkaConsumerSpec" name="The Kafka Consumer should create a new instance" time="7.178"> <failure message="Unable to connect to zookeeper server within timeout: 6000" type="org.I0Itec.zkclient.exception.ZkTimeoutException">org.I0Itec.zkclient.exception.ZkTimeoutException: Unable to connect to zookeeper server within timeout: 6000
	at org.I0Itec.zkclient.ZkClient.connect(ZkClient.java:880)
	at org.I0Itec.zkclient.ZkClient.&lt;init&gt;(ZkClient.java:98)
	at org.I0Itec.zkclient.ZkClient.&lt;init&gt;(ZkClient.java:84)
	at kafka.consumer.ZookeeperConsumerConnector.connectZk(ZookeeperConsumerConnector.scala:171)
	at kafka.consumer.ZookeeperConsumerConnector.&lt;init&gt;(ZookeeperConsumerConnector.scala:126)
	at kafka.consumer.ZookeeperConsumerConnector.&lt;init&gt;(ZookeeperConsumerConnector.scala:143)
	at kafka.consumer.Consumer$.create(ConsumerConnector.scala:94)
	at io.forward.kafka.KafkaConsumer.&lt;init&gt;(KafkaConsumer.scala:17)
	at io.forward.kafka.SimpleStringConsumer$.apply(KafkaConsumer.scala:34)
	at io.forward.kafka.KafkaConsumerSpec$$anonfun$1$$anonfun$apply$mcV$sp$1.apply$mcV$sp(KafkaConsumerSpec.scala:13)
	at io.forward.kafka.KafkaConsumerSpec$$anonfun$1$$anonfun$apply$mcV$sp$1.apply(KafkaConsumerSpec.scala:11)
	at io.forward.kafka.KafkaConsumerSpec$$anonfun$1$$anonfun$apply$mcV$sp$1.apply(KafkaConsumerSpec.scala:11)
	at org.scalatest.Transformer$$anonfun$apply$1.apply$mcV$sp(Transformer.scala:22)
	at org.scalatest.OutcomeOf$class.outcomeOf(OutcomeOf.scala:85)
	at org.scalatest.OutcomeOf$.outcomeOf(OutcomeOf.scala:104)
	at org.scalatest.Transformer.apply(Transformer.scala:22)
	at org.scalatest.Transformer.apply(Transformer.scala:20)
	at org.scalatest.FunSpecLike$$anon$1.apply(FunSpecLike.scala:422)
	at org.scalatest.Suite$class.withFixture(Suite.scala:1122)
	at org.scalatest.FunSpec.withFixture(FunSpec.scala:1626)
	at org.scalatest.FunSpecLike$class.invokeWithFixture$1(FunSpecLike.scala:419)
	at org.scalatest.FunSpecLike$$anonfun$runTest$1.apply(FunSpecLike.scala:431)
	at org.scalatest.FunSpecLike$$anonfun$runTest$1.apply(FunSpecLike.scala:431)
	at org.scalatest.SuperEngine.runTestImpl(Engine.scala:306)
	at org.scalatest.FunSpecLike$class.runTest(FunSpecLike.scala:431)
	at org.scalatest.FunSpec.runTest(FunSpec.scala:1626)
	at org.scalatest.FunSpecLike$$anonfun$runTests$1.apply(FunSpecLike.scala:464)
	at org.scalatest.FunSpecLike$$anonfun$runTests$1.apply(FunSpecLike.scala:464)
	at org.scalatest.SuperEngine$$anonfun$traverseSubNodes$1$1.apply(Engine.scala:413)
	at org.scalatest.SuperEngine$$anonfun$traverseSubNodes$1$1.apply(Engine.scala:401)
	at scala.collection.immutable.List.foreach(List.scala:381)
	at org.scalatest.SuperEngine.traverseSubNodes$1(Engine.scala:401)
	at org.scalatest.SuperEngine.org$scalatest$SuperEngine$$runTestsInBranch(Engine.scala:390)
	at org.scalatest.SuperEngine$$anonfun$traverseSubNodes$1$1.apply(Engine.scala:427)
	at org.scalatest.SuperEngine$$anonfun$traverseSubNodes$1$1.apply(Engine.scala:401)
	at scala.collection.immutable.List.foreach(List.scala:381)
	at org.scalatest.SuperEngine.traverseSubNodes$1(Engine.scala:401)
	at org.scalatest.SuperEngine.org$scalatest$SuperEngine$$runTestsInBranch(Engine.scala:396)
	at org.scalatest.SuperEngine.runTestsImpl(Engine.scala:483)
	at org.scalatest.FunSpecLike$class.runTests(FunSpecLike.scala:464)
	at org.scalatest.FunSpec.runTests(FunSpec.scala:1626)
	at org.scalatest.Suite$class.run(Suite.scala:1424)
	at org.scalatest.FunSpec.org$scalatest$FunSpecLike$$super$run(FunSpec.scala:1626)
	at org.scalatest.FunSpecLike$$anonfun$run$1.apply(FunSpecLike.scala:468)
	at org.scalatest.FunSpecLike$$anonfun$run$1.apply(FunSpecLike.scala:468)
	at org.scalatest.SuperEngine.runImpl(Engine.scala:545)
	at org.scalatest.FunSpecLike$class.run(FunSpecLike.scala:468)
	at org.scalatest.FunSpec.run(FunSpec.scala:1626)
	at org.scalatest.tools.Framework.org$scalatest$tools$Framework$$runSuite(Framework.scala:466)
	at org.scalatest.tools.Framework$ScalaTestTask.execute(Framework.scala:677)
	at sbt.TestRunner.runTest$1(TestFramework.scala:84)
	at sbt.TestRunner.run(TestFramework.scala:94)
	at sbt.TestFramework$$anon$2$$anonfun$$init$$1$$anonfun$apply$8.apply(TestFramework.scala:219)
	at sbt.TestFramework$$anon$2$$anonfun$$init$$1$$anonfun$apply$8.apply(TestFramework.scala:219)
	at sbt.TestFramework$.sbt$TestFramework$$withContextLoader(TestFramework.scala:207)
	at sbt.TestFramework$$anon$2$$anonfun$$init$$1.apply(TestFramework.scala:219)
	at sbt.TestFramework$$anon$2$$anonfun$$init$$1.apply(TestFramework.scala:219)
	at sbt.TestFunction.apply(TestFramework.scala:224)
	at sbt.Tests$$anonfun$7.apply(Tests.scala:196)
	at sbt.Tests$$anonfun$7.apply(Tests.scala:196)
	at sbt.std.Transform$$anon$3$$anonfun$apply$2.apply(System.scala:45)
	at sbt.std.Transform$$anon$3$$anonfun$apply$2.apply(System.scala:45)
	at sbt.std.Transform$$anon$4.work(System.scala:64)
	at sbt.Execute$$anonfun$submit$1$$anonfun$apply$1.apply(Execute.scala:237)
	at sbt.Execute$$anonfun$submit$1$$anonfun$apply$1.apply(Execute.scala:237)
	at sbt.ErrorHandling$.wideConvert(ErrorHandling.scala:18)
	at sbt.Execute.work(Execute.scala:244)
	at sbt.Execute$$anonfun$submit$1.apply(Execute.scala:237)
	at sbt.Execute$$anonfun$submit$1.apply(Execute.scala:237)
	at sbt.ConcurrentRestrictions$$anon$4$$anonfun$1.apply(ConcurrentRestrictions.scala:160)
	at sbt.CompletionService$$anon$2.call(CompletionService.scala:30)
	at java.util.concurrent.FutureTask.run(FutureTask.java:266)
	at java.util.concurrent.Executors$RunnableAdapter.call(Executors.java:511)
	at java.util.concurrent.FutureTask.run(FutureTask.java:266)
	at java.util.concurrent.ThreadPoolExecutor.runWorker(ThreadPoolExecutor.java:1142)
	at java.util.concurrent.ThreadPoolExecutor$Worker.run(ThreadPoolExecutor.java:617)
	at java.lang.Thread.run(Thread.java:745)
</failure>
                    </testcase>
                <system-out></system-out>
                <system-err></system-err>
                </testsuite>